#
# There is insufficient memory for the Java Runtime Environment to continue.
# Native memory allocation (malloc) failed to allocate 123936 bytes. Error detail: Chunk::new
# Possible reasons:
#   The system is out of physical RAM or swap space
#   This process is running with CompressedOops enabled, and the Java Heap may be blocking the growth of the native heap
# Possible solutions:
#   Reduce memory load on the system
#   Increase physical memory or swap space
#   Check if swap backing store is full
#   Decrease Java heap size (-Xmx/-Xms)
#   Decrease number of Java threads
#   Decrease Java thread stack sizes (-Xss)
#   Set larger code cache with -XX:ReservedCodeCacheSize=
#   JVM is running with Zero Based Compressed Oops mode in which the Java heap is
#     placed in the first 32GB address space. The Java Heap base address is the
#     maximum limit for the native heap growth. Please use -XX:HeapBaseMinAddress
#     to set the Java Heap base and to place the Java Heap above 32GB virtual address.
# This output file may be truncated or incomplete.
#
#  Out of Memory Error (arena.cpp:149), pid=23016, tid=3344
#
# JRE version: Java(TM) SE Runtime Environment (23.0.2+7) (build 23.0.2+7-58)
# Java VM: Java HotSpot(TM) 64-Bit Server VM (23.0.2+7-58, mixed mode, sharing, tiered, compressed oops, compressed class ptrs, g1 gc, windows-amd64)
# No core dump will be written. Minidumps are not enabled by default on client versions of Windows
#

---------------  S U M M A R Y ------------

Command Line: -XX:+ShowCodeDetailsInExceptionMessages com.StardewValley.lwjgl3.Lwjgl3Launcher

Host: 13th Gen Intel(R) Core(TM) i7-13650HX, 20 cores, 15G,  Windows 11 , 64 bit Build 26100 (10.0.26100.4768)
Time: Tue Aug  5 23:57:09 2025 Iran Standard Time elapsed time: 110.591068 seconds (0d 0h 1m 50s)

---------------  T H R E A D  ---------------

Current thread (0x000001189000a050):  JavaThread "C2 CompilerThread0" daemon [_thread_in_native, id=3344, stack(0x0000000f4f200000,0x0000000f4f300000) (1024K)]


Current CompileTask:
C2:110595 3598 % !   4       com.StardewValley.View.GameScreen::drawNPCsAndForaging @ 16 (338 bytes)

Stack: [0x0000000f4f200000,0x0000000f4f300000]
Native frames: (J=compiled Java code, j=interpreted, Vv=VM code, C=native code)
V  [jvm.dll+0x6e0b99]  (no source info available)
V  [jvm.dll+0x87e2b3]  (no source info available)
V  [jvm.dll+0x88073e]  (no source info available)
V  [jvm.dll+0x880e13]  (no source info available)
V  [jvm.dll+0x27b006]  (no source info available)
V  [jvm.dll+0xbc06f]  (no source info available)
V  [jvm.dll+0xbc2cb]  (no source info available)
V  [jvm.dll+0x2eea6d]  (no source info available)
V  [jvm.dll+0x606669]  (no source info available)
V  [jvm.dll+0x24def2]  (no source info available)
V  [jvm.dll+0x24681d]  (no source info available)
V  [jvm.dll+0x243e04]  (no source info available)
V  [jvm.dll+0x1c34b0]  (no source info available)
V  [jvm.dll+0x253df1]  (no source info available)
V  [jvm.dll+0x2520aa]  (no source info available)
V  [jvm.dll+0x3ee226]  (no source info available)
V  [jvm.dll+0x8254cb]  (no source info available)
V  [jvm.dll+0x6df345]  (no source info available)
C  [ucrtbase.dll+0x37b0]  (no source info available)
C  [KERNEL32.DLL+0x2e8d7]  (no source info available)
C  [ntdll.dll+0x3c34c]  (no source info available)

Lock stack of current Java thread (top to bottom):


---------------  P R O C E S S  ---------------

Threads class SMR info:
_java_thread_list=0x000001197f78f860, length=14, elements={
0x00000118286f9190, 0x0000011847f9bfd0, 0x0000011847f9cc30, 0x0000011890002090,
0x0000011890002af0, 0x00000118900040c0, 0x0000011890005690, 0x000001189000a050,
0x00000118900180f0, 0x00000118901ec4c0, 0x00000118901f3b40, 0x0000011892327a30,
0x00000118a2b06ea0, 0x0000011abc19f990
}

Java Threads: ( => current thread )
  0x00000118286f9190 JavaThread "main"                              [_thread_in_native, id=25060, stack(0x0000000f4e400000,0x0000000f4e500000) (1024K)]
  0x0000011847f9bfd0 JavaThread "Reference Handler"          daemon [_thread_blocked, id=31180, stack(0x0000000f4ec00000,0x0000000f4ed00000) (1024K)]
  0x0000011847f9cc30 JavaThread "Finalizer"                  daemon [_thread_blocked, id=21692, stack(0x0000000f4ed00000,0x0000000f4ee00000) (1024K)]
  0x0000011890002090 JavaThread "Signal Dispatcher"          daemon [_thread_blocked, id=17844, stack(0x0000000f4ee00000,0x0000000f4ef00000) (1024K)]
  0x0000011890002af0 JavaThread "Attach Listener"            daemon [_thread_blocked, id=30100, stack(0x0000000f4ef00000,0x0000000f4f000000) (1024K)]
  0x00000118900040c0 JavaThread "Service Thread"             daemon [_thread_blocked, id=31344, stack(0x0000000f4f000000,0x0000000f4f100000) (1024K)]
  0x0000011890005690 JavaThread "Monitor Deflation Thread"   daemon [_thread_blocked, id=12748, stack(0x0000000f4f100000,0x0000000f4f200000) (1024K)]
=>0x000001189000a050 JavaThread "C2 CompilerThread0"         daemon [_thread_in_native, id=3344, stack(0x0000000f4f200000,0x0000000f4f300000) (1024K)]
  0x00000118900180f0 JavaThread "C1 CompilerThread0"         daemon [_thread_blocked, id=32356, stack(0x0000000f4f300000,0x0000000f4f400000) (1024K)]
  0x00000118901ec4c0 JavaThread "Notification Thread"        daemon [_thread_blocked, id=28760, stack(0x0000000f4f500000,0x0000000f4f600000) (1024K)]
  0x00000118901f3b40 JavaThread "Common-Cleaner"             daemon [_thread_blocked, id=33304, stack(0x0000000f4f600000,0x0000000f4f700000) (1024K)]
  0x0000011892327a30 JavaThread "Thread-0"                   daemon [_thread_blocked, id=19932, stack(0x0000000f4f800000,0x0000000f4f900000) (1024K)]
  0x00000118a2b06ea0 JavaThread "LWJGL3 Timer"               daemon [_thread_blocked, id=33388, stack(0x0000000f51000000,0x0000000f51100000) (1024K)]
  0x0000011abc19f990 JavaThread "Timer"                      daemon [_thread_blocked, id=10296, stack(0x0000000f4e100000,0x0000000f4e200000) (1024K)]
Total: 14

Other Threads:
  0x0000011847f80e90 VMThread "VM Thread"                           [id=24552, stack(0x0000000f4eb00000,0x0000000f4ec00000) (1024K)]
  0x0000011847f6a5a0 WatcherThread "VM Periodic Task Thread"        [id=13596, stack(0x0000000f4ea00000,0x0000000f4eb00000) (1024K)]
  0x000001182accd380 WorkerThread "GC Thread#0"                     [id=28028, stack(0x0000000f4e500000,0x0000000f4e600000) (1024K)]
  0x0000011892ba3630 WorkerThread "GC Thread#1"                     [id=28644, stack(0x0000000f50500000,0x0000000f50600000) (1024K)]
  0x00000118929f4ec0 WorkerThread "GC Thread#2"                     [id=8248, stack(0x0000000f50600000,0x0000000f50700000) (1024K)]
  0x0000011892afc480 WorkerThread "GC Thread#3"                     [id=29204, stack(0x0000000f50700000,0x0000000f50800000) (1024K)]
  0x0000011892bd3ba0 WorkerThread "GC Thread#4"                     [id=3292, stack(0x0000000f50800000,0x0000000f50900000) (1024K)]
  0x0000011892bd3f50 WorkerThread "GC Thread#5"                     [id=22596, stack(0x0000000f50900000,0x0000000f50a00000) (1024K)]
  0x0000011892c41fe0 WorkerThread "GC Thread#6"                     [id=22576, stack(0x0000000f50a00000,0x0000000f50b00000) (1024K)]
  0x0000011892c42390 WorkerThread "GC Thread#7"                     [id=10480, stack(0x0000000f50b00000,0x0000000f50c00000) (1024K)]
  0x0000011892c42740 WorkerThread "GC Thread#8"                     [id=29324, stack(0x0000000f50c00000,0x0000000f50d00000) (1024K)]
  0x0000011892c44b00 WorkerThread "GC Thread#9"                     [id=27560, stack(0x0000000f50d00000,0x0000000f50e00000) (1024K)]
  0x0000011892c466d0 WorkerThread "GC Thread#10"                    [id=31356, stack(0x0000000f50e00000,0x0000000f50f00000) (1024K)]
  0x00000118a2aa28d0 WorkerThread "GC Thread#11"                    [id=32492, stack(0x0000000f51100000,0x0000000f51200000) (1024K)]
  0x00000118a2aa2c80 WorkerThread "GC Thread#12"                    [id=33092, stack(0x0000000f51200000,0x0000000f51300000) (1024K)]
  0x0000011847de2e90 ConcurrentGCThread "G1 Main Marker"            [id=4568, stack(0x0000000f4e600000,0x0000000f4e700000) (1024K)]
  0x0000011847de3840 WorkerThread "G1 Conc#0"                       [id=3228, stack(0x0000000f4e700000,0x0000000f4e800000) (1024K)]
  0x000001182ad1e8f0 ConcurrentGCThread "G1 Refine#0"               [id=32336, stack(0x0000000f4e800000,0x0000000f4e900000) (1024K)]
  0x0000011847e384a0 ConcurrentGCThread "G1 Service"                [id=22400, stack(0x0000000f4e900000,0x0000000f4ea00000) (1024K)]
Total: 19

Threads with active compile tasks:
C2 CompilerThread0  110856 3598 % !   4       com.StardewValley.View.GameScreen::drawNPCsAndForaging @ 16 (338 bytes)
Total: 1

VM state: not at safepoint (normal execution)

VM Mutex/Monitor currently owned by a thread: None

Heap address: 0x0000000705e00000, size: 4002 MB, Compressed Oops mode: Zero based, Oop shift amount: 3

CDS archive(s) mapped at: [0x000001184b000000-0x000001184bd70000-0x000001184bd70000), size 14090240, SharedBaseAddress: 0x000001184b000000, ArchiveRelocationMode: 1.
Compressed class space mapped at: 0x000001184c000000-0x000001188c000000, reserved size: 1073741824
Narrow klass base: 0x000001184b000000, Narrow klass shift: 0, Narrow klass range: 0x41000000

GC Precious Log:
 CardTable entry size: 512
 Card Set container configuration: InlinePtr #cards 4 size 8 Array Of Cards #cards 16 size 48 Howl #buckets 8 coarsen threshold 3686 Howl Bitmap #cards 512 size 80 coarsen threshold 460 Card regions per heap region 1 cards per card region 4096
 CPUs: 20 total, 20 available
 Memory: 16003M
 Large Page Support: Disabled
 NUMA Support: Disabled
 Compressed Oops: Enabled (Zero based)
 Heap Region Size: 2M
 Heap Min Capacity: 8M
 Heap Initial Capacity: 252M
 Heap Max Capacity: 4002M
 Pre-touch: Disabled
 Parallel Workers: 15
 Concurrent Workers: 4
 Concurrent Refinement Workers: 15
 Periodic GC: Disabled

Heap:
 garbage-first heap   total reserved 4098048K, committed 258048K, used 198461K [0x0000000705e00000, 0x0000000800000000)
  region size 2048K, 61 young (124928K), 8 survivors (16384K)
 Metaspace       used 10907K, committed 11264K, reserved 1114112K
  class space    used 936K, committed 1088K, reserved 1048576K

Heap Regions: E=young(eden), S=young(survivor), O=old, HS=humongous(starts), HC=humongous(continues), CS=collection set, F=free, TAMS=top-at-mark-start, PB=parsable bottom
|   0|0x0000000705e00000, 0x0000000706000000, 0x0000000706000000|100%| O|  |TAMS 0x0000000705e00000| PB 0x0000000705e00000| Untracked |  0
|   1|0x0000000706000000, 0x0000000706200000, 0x0000000706200000|100%| O|  |TAMS 0x0000000706000000| PB 0x0000000706000000| Untracked |  0
|   2|0x0000000706200000, 0x0000000706400000, 0x0000000706400000|100%| O|  |TAMS 0x0000000706200000| PB 0x0000000706200000| Untracked |  0
|   3|0x0000000706400000, 0x0000000706600000, 0x0000000706600000|100%| O|  |TAMS 0x0000000706400000| PB 0x0000000706400000| Untracked |  0
|   4|0x0000000706600000, 0x0000000706800000, 0x0000000706800000|100%| O|  |TAMS 0x0000000706600000| PB 0x0000000706600000| Untracked |  0
|   5|0x0000000706800000, 0x0000000706a00000, 0x0000000706a00000|100%| O|  |TAMS 0x0000000706800000| PB 0x0000000706800000| Untracked |  0
|   6|0x0000000706a00000, 0x0000000706c00000, 0x0000000706c00000|100%| O|  |TAMS 0x0000000706a00000| PB 0x0000000706a00000| Untracked |  0
|   7|0x0000000706c00000, 0x0000000706e00000, 0x0000000706e00000|100%| O|  |TAMS 0x0000000706c00000| PB 0x0000000706c00000| Untracked |  0
|   8|0x0000000706e00000, 0x0000000707000000, 0x0000000707000000|100%| O|  |TAMS 0x0000000706e00000| PB 0x0000000706e00000| Untracked |  0
|   9|0x0000000707000000, 0x0000000707200000, 0x0000000707200000|100%| O|  |TAMS 0x0000000707000000| PB 0x0000000707000000| Untracked |  0
|  10|0x0000000707200000, 0x0000000707400000, 0x0000000707400000|100%| O|  |TAMS 0x0000000707200000| PB 0x0000000707200000| Untracked |  0
|  11|0x0000000707400000, 0x0000000707600000, 0x0000000707600000|100%| O|  |TAMS 0x0000000707400000| PB 0x0000000707400000| Untracked |  0
|  12|0x0000000707600000, 0x0000000707800000, 0x0000000707800000|100%| O|  |TAMS 0x0000000707600000| PB 0x0000000707600000| Untracked |  0
|  13|0x0000000707800000, 0x0000000707a00000, 0x0000000707a00000|100%| O|  |TAMS 0x0000000707800000| PB 0x0000000707800000| Untracked |  0
|  14|0x0000000707a00000, 0x0000000707c00000, 0x0000000707c00000|100%| O|  |TAMS 0x0000000707a00000| PB 0x0000000707a00000| Untracked |  0
|  15|0x0000000707c00000, 0x0000000707e00000, 0x0000000707e00000|100%| O|  |TAMS 0x0000000707c00000| PB 0x0000000707c00000| Untracked |  0
|  16|0x0000000707e00000, 0x0000000708000000, 0x0000000708000000|100%| O|  |TAMS 0x0000000707e00000| PB 0x0000000707e00000| Untracked |  0
|  17|0x0000000708000000, 0x0000000708200000, 0x0000000708200000|100%| O|  |TAMS 0x0000000708000000| PB 0x0000000708000000| Untracked |  0
|  18|0x0000000708200000, 0x0000000708400000, 0x0000000708400000|100%| O|  |TAMS 0x0000000708200000| PB 0x0000000708200000| Untracked |  0
|  19|0x0000000708400000, 0x0000000708600000, 0x0000000708600000|100%| O|  |TAMS 0x0000000708400000| PB 0x0000000708400000| Untracked |  0
|  20|0x0000000708600000, 0x0000000708800000, 0x0000000708800000|100%| O|  |TAMS 0x0000000708600000| PB 0x0000000708600000| Untracked |  0
|  21|0x0000000708800000, 0x0000000708a00000, 0x0000000708a00000|100%| O|  |TAMS 0x0000000708800000| PB 0x0000000708800000| Untracked |  0
|  22|0x0000000708a00000, 0x0000000708c00000, 0x0000000708c00000|100%| O|  |TAMS 0x0000000708a00000| PB 0x0000000708a00000| Untracked |  0
|  23|0x0000000708c00000, 0x0000000708e00000, 0x0000000708e00000|100%| O|  |TAMS 0x0000000708c00000| PB 0x0000000708c00000| Untracked |  0
|  24|0x0000000708e00000, 0x0000000709000000, 0x0000000709000000|100%| O|  |TAMS 0x0000000708e00000| PB 0x0000000708e00000| Untracked |  0
|  25|0x0000000709000000, 0x0000000709200000, 0x0000000709200000|100%| O|  |TAMS 0x0000000709000000| PB 0x0000000709000000| Untracked |  0
|  26|0x0000000709200000, 0x0000000709400000, 0x0000000709400000|100%| O|  |TAMS 0x0000000709200000| PB 0x0000000709200000| Untracked |  0
|  27|0x0000000709400000, 0x0000000709600000, 0x0000000709600000|100%| O|  |TAMS 0x0000000709400000| PB 0x0000000709400000| Untracked |  0
|  28|0x0000000709600000, 0x0000000709800000, 0x0000000709800000|100%| O|  |TAMS 0x0000000709600000| PB 0x0000000709600000| Untracked |  0
|  29|0x0000000709800000, 0x0000000709a00000, 0x0000000709a00000|100%| O|  |TAMS 0x0000000709800000| PB 0x0000000709800000| Untracked |  0
|  30|0x0000000709a00000, 0x0000000709c00000, 0x0000000709c00000|100%| O|  |TAMS 0x0000000709a00000| PB 0x0000000709a00000| Untracked |  0
|  31|0x0000000709c00000, 0x0000000709e00000, 0x0000000709e00000|100%| O|  |TAMS 0x0000000709c00000| PB 0x0000000709c00000| Untracked |  0
|  32|0x0000000709e00000, 0x000000070a000000, 0x000000070a000000|100%| O|  |TAMS 0x0000000709e00000| PB 0x0000000709e00000| Untracked |  0
|  33|0x000000070a000000, 0x000000070a200000, 0x000000070a200000|100%| O|  |TAMS 0x000000070a000000| PB 0x000000070a000000| Untracked |  0
|  34|0x000000070a200000, 0x000000070a400000, 0x000000070a400000|100%| O|  |TAMS 0x000000070a200000| PB 0x000000070a200000| Untracked |  0
|  35|0x000000070a400000, 0x000000070a600000, 0x000000070a600000|100%| O|  |TAMS 0x000000070a400000| PB 0x000000070a400000| Untracked |  0
|  36|0x000000070a600000, 0x000000070a800000, 0x000000070a800000|100%| O|  |TAMS 0x000000070a600000| PB 0x000000070a600000| Untracked |  0
|  37|0x000000070a800000, 0x000000070a800000, 0x000000070aa00000|  0%| F|  |TAMS 0x000000070a800000| PB 0x000000070a800000| Untracked |  0
|  38|0x000000070aa00000, 0x000000070aa00000, 0x000000070ac00000|  0%| F|  |TAMS 0x000000070aa00000| PB 0x000000070aa00000| Untracked |  0
|  39|0x000000070ac00000, 0x000000070ac00000, 0x000000070ae00000|  0%| F|  |TAMS 0x000000070ac00000| PB 0x000000070ac00000| Untracked |  0
|  40|0x000000070ae00000, 0x000000070ae00000, 0x000000070b000000|  0%| F|  |TAMS 0x000000070ae00000| PB 0x000000070ae00000| Untracked |  0
|  41|0x000000070b000000, 0x000000070b000000, 0x000000070b200000|  0%| F|  |TAMS 0x000000070b000000| PB 0x000000070b000000| Untracked |  0
|  42|0x000000070b200000, 0x000000070b200000, 0x000000070b400000|  0%| F|  |TAMS 0x000000070b200000| PB 0x000000070b200000| Untracked |  0
|  43|0x000000070b400000, 0x000000070b5cf5a0, 0x000000070b600000| 90%| S|CS|TAMS 0x000000070b400000| PB 0x000000070b400000| Complete |  0
|  44|0x000000070b600000, 0x000000070b800000, 0x000000070b800000|100%| S|CS|TAMS 0x000000070b600000| PB 0x000000070b600000| Complete |  0
|  45|0x000000070b800000, 0x000000070ba00000, 0x000000070ba00000|100%| S|CS|TAMS 0x000000070b800000| PB 0x000000070b800000| Complete |  0
|  46|0x000000070ba00000, 0x000000070bc00000, 0x000000070bc00000|100%| S|CS|TAMS 0x000000070ba00000| PB 0x000000070ba00000| Complete |  0
|  47|0x000000070bc00000, 0x000000070be00000, 0x000000070be00000|100%| S|CS|TAMS 0x000000070bc00000| PB 0x000000070bc00000| Complete |  0
|  48|0x000000070be00000, 0x000000070c000000, 0x000000070c000000|100%| S|CS|TAMS 0x000000070be00000| PB 0x000000070be00000| Complete |  0
|  49|0x000000070c000000, 0x000000070c200000, 0x000000070c200000|100%| S|CS|TAMS 0x000000070c000000| PB 0x000000070c000000| Complete |  0
|  50|0x000000070c200000, 0x000000070c400000, 0x000000070c400000|100%| S|CS|TAMS 0x000000070c200000| PB 0x000000070c200000| Complete |  0
|  51|0x000000070c400000, 0x000000070c400000, 0x000000070c600000|  0%| F|  |TAMS 0x000000070c400000| PB 0x000000070c400000| Untracked |  0
|  52|0x000000070c600000, 0x000000070c600000, 0x000000070c800000|  0%| F|  |TAMS 0x000000070c600000| PB 0x000000070c600000| Untracked |  0
|  53|0x000000070c800000, 0x000000070c800000, 0x000000070ca00000|  0%| F|  |TAMS 0x000000070c800000| PB 0x000000070c800000| Untracked |  0
|  54|0x000000070ca00000, 0x000000070ca00000, 0x000000070cc00000|  0%| F|  |TAMS 0x000000070ca00000| PB 0x000000070ca00000| Untracked |  0
|  55|0x000000070cc00000, 0x000000070cc00000, 0x000000070ce00000|  0%| F|  |TAMS 0x000000070cc00000| PB 0x000000070cc00000| Untracked |  0
|  56|0x000000070ce00000, 0x000000070ce00000, 0x000000070d000000|  0%| F|  |TAMS 0x000000070ce00000| PB 0x000000070ce00000| Untracked |  0
|  57|0x000000070d000000, 0x000000070d000000, 0x000000070d200000|  0%| F|  |TAMS 0x000000070d000000| PB 0x000000070d000000| Untracked |  0
|  58|0x000000070d200000, 0x000000070d200000, 0x000000070d400000|  0%| F|  |TAMS 0x000000070d200000| PB 0x000000070d200000| Untracked |  0
|  59|0x000000070d400000, 0x000000070d400000, 0x000000070d600000|  0%| F|  |TAMS 0x000000070d400000| PB 0x000000070d400000| Untracked |  0
|  60|0x000000070d600000, 0x000000070d600000, 0x000000070d800000|  0%| F|  |TAMS 0x000000070d600000| PB 0x000000070d600000| Untracked |  0
|  61|0x000000070d800000, 0x000000070d800000, 0x000000070da00000|  0%| F|  |TAMS 0x000000070d800000| PB 0x000000070d800000| Untracked |  0
|  62|0x000000070da00000, 0x000000070da00000, 0x000000070dc00000|  0%| F|  |TAMS 0x000000070da00000| PB 0x000000070da00000| Untracked |  0
|  63|0x000000070dc00000, 0x000000070dc00000, 0x000000070de00000|  0%| F|  |TAMS 0x000000070dc00000| PB 0x000000070dc00000| Untracked |  0
|  64|0x000000070de00000, 0x000000070de00000, 0x000000070e000000|  0%| F|  |TAMS 0x000000070de00000| PB 0x000000070de00000| Untracked |  0
|  65|0x000000070e000000, 0x000000070e000000, 0x000000070e200000|  0%| F|  |TAMS 0x000000070e000000| PB 0x000000070e000000| Untracked |  0
|  66|0x000000070e200000, 0x000000070e200000, 0x000000070e400000|  0%| F|  |TAMS 0x000000070e200000| PB 0x000000070e200000| Untracked |  0
|  67|0x000000070e400000, 0x000000070e400000, 0x000000070e600000|  0%| F|  |TAMS 0x000000070e400000| PB 0x000000070e400000| Untracked |  0
|  68|0x000000070e600000, 0x000000070e600000, 0x000000070e800000|  0%| F|  |TAMS 0x000000070e600000| PB 0x000000070e600000| Untracked |  0
|  69|0x000000070e800000, 0x000000070e800000, 0x000000070ea00000|  0%| F|  |TAMS 0x000000070e800000| PB 0x000000070e800000| Untracked |  0
|  70|0x000000070ea00000, 0x000000070ea00000, 0x000000070ec00000|  0%| F|  |TAMS 0x000000070ea00000| PB 0x000000070ea00000| Untracked |  0
|  71|0x000000070ec00000, 0x000000070ec00000, 0x000000070ee00000|  0%| F|  |TAMS 0x000000070ec00000| PB 0x000000070ec00000| Untracked |  0
|  72|0x000000070ee00000, 0x000000070ee00000, 0x000000070f000000|  0%| F|  |TAMS 0x000000070ee00000| PB 0x000000070ee00000| Untracked |  0
|  73|0x000000070f000000, 0x000000070f113890, 0x000000070f200000| 53%| E|  |TAMS 0x000000070f000000| PB 0x000000070f000000| Complete |  0
|  74|0x000000070f200000, 0x000000070f400000, 0x000000070f400000|100%| E|CS|TAMS 0x000000070f200000| PB 0x000000070f200000| Complete |  0
|  75|0x000000070f400000, 0x000000070f600000, 0x000000070f600000|100%| E|CS|TAMS 0x000000070f400000| PB 0x000000070f400000| Complete |  0
|  76|0x000000070f600000, 0x000000070f800000, 0x000000070f800000|100%| E|CS|TAMS 0x000000070f600000| PB 0x000000070f600000| Complete |  0
|  77|0x000000070f800000, 0x000000070fa00000, 0x000000070fa00000|100%| E|CS|TAMS 0x000000070f800000| PB 0x000000070f800000| Complete |  0
|  78|0x000000070fa00000, 0x000000070fc00000, 0x000000070fc00000|100%| E|CS|TAMS 0x000000070fa00000| PB 0x000000070fa00000| Complete |  0
|  79|0x000000070fc00000, 0x000000070fe00000, 0x000000070fe00000|100%| E|CS|TAMS 0x000000070fc00000| PB 0x000000070fc00000| Complete |  0
|  80|0x000000070fe00000, 0x0000000710000000, 0x0000000710000000|100%| E|CS|TAMS 0x000000070fe00000| PB 0x000000070fe00000| Complete |  0
|  81|0x0000000710000000, 0x0000000710200000, 0x0000000710200000|100%| E|CS|TAMS 0x0000000710000000| PB 0x0000000710000000| Complete |  0
|  82|0x0000000710200000, 0x0000000710400000, 0x0000000710400000|100%| E|CS|TAMS 0x0000000710200000| PB 0x0000000710200000| Complete |  0
|  83|0x0000000710400000, 0x0000000710600000, 0x0000000710600000|100%| E|CS|TAMS 0x0000000710400000| PB 0x0000000710400000| Complete |  0
|  84|0x0000000710600000, 0x0000000710800000, 0x0000000710800000|100%| E|CS|TAMS 0x0000000710600000| PB 0x0000000710600000| Complete |  0
|  85|0x0000000710800000, 0x0000000710a00000, 0x0000000710a00000|100%| E|CS|TAMS 0x0000000710800000| PB 0x0000000710800000| Complete |  0
|  86|0x0000000710a00000, 0x0000000710c00000, 0x0000000710c00000|100%| E|CS|TAMS 0x0000000710a00000| PB 0x0000000710a00000| Complete |  0
|  87|0x0000000710c00000, 0x0000000710e00000, 0x0000000710e00000|100%| E|CS|TAMS 0x0000000710c00000| PB 0x0000000710c00000| Complete |  0
|  88|0x0000000710e00000, 0x0000000711000000, 0x0000000711000000|100%| E|CS|TAMS 0x0000000710e00000| PB 0x0000000710e00000| Complete |  0
|  89|0x0000000711000000, 0x0000000711200000, 0x0000000711200000|100%| E|CS|TAMS 0x0000000711000000| PB 0x0000000711000000| Complete |  0
|  90|0x0000000711200000, 0x0000000711400000, 0x0000000711400000|100%| E|CS|TAMS 0x0000000711200000| PB 0x0000000711200000| Complete |  0
|  91|0x0000000711400000, 0x0000000711600000, 0x0000000711600000|100%| E|CS|TAMS 0x0000000711400000| PB 0x0000000711400000| Complete |  0
|  92|0x0000000711600000, 0x0000000711800000, 0x0000000711800000|100%| E|CS|TAMS 0x0000000711600000| PB 0x0000000711600000| Complete |  0
|  93|0x0000000711800000, 0x0000000711a00000, 0x0000000711a00000|100%| E|CS|TAMS 0x0000000711800000| PB 0x0000000711800000| Complete |  0
|  94|0x0000000711a00000, 0x0000000711c00000, 0x0000000711c00000|100%| E|CS|TAMS 0x0000000711a00000| PB 0x0000000711a00000| Complete |  0
|  95|0x0000000711c00000, 0x0000000711e00000, 0x0000000711e00000|100%| E|CS|TAMS 0x0000000711c00000| PB 0x0000000711c00000| Complete |  0
|  96|0x0000000711e00000, 0x0000000712000000, 0x0000000712000000|100%| E|CS|TAMS 0x0000000711e00000| PB 0x0000000711e00000| Complete |  0
|  97|0x0000000712000000, 0x0000000712200000, 0x0000000712200000|100%| E|CS|TAMS 0x0000000712000000| PB 0x0000000712000000| Complete |  0
|  98|0x0000000712200000, 0x0000000712400000, 0x0000000712400000|100%| E|CS|TAMS 0x0000000712200000| PB 0x0000000712200000| Complete |  0
|  99|0x0000000712400000, 0x0000000712600000, 0x0000000712600000|100%| E|CS|TAMS 0x0000000712400000| PB 0x0000000712400000| Complete |  0
| 100|0x0000000712600000, 0x0000000712800000, 0x0000000712800000|100%| E|CS|TAMS 0x0000000712600000| PB 0x0000000712600000| Complete |  0
| 101|0x0000000712800000, 0x0000000712a00000, 0x0000000712a00000|100%| E|CS|TAMS 0x0000000712800000| PB 0x0000000712800000| Complete |  0
| 102|0x0000000712a00000, 0x0000000712c00000, 0x0000000712c00000|100%| E|CS|TAMS 0x0000000712a00000| PB 0x0000000712a00000| Complete |  0
| 103|0x0000000712c00000, 0x0000000712e00000, 0x0000000712e00000|100%| E|CS|TAMS 0x0000000712c00000| PB 0x0000000712c00000| Complete |  0
| 104|0x0000000712e00000, 0x0000000713000000, 0x0000000713000000|100%| E|CS|TAMS 0x0000000712e00000| PB 0x0000000712e00000| Complete |  0
| 105|0x0000000713000000, 0x0000000713200000, 0x0000000713200000|100%| E|CS|TAMS 0x0000000713000000| PB 0x0000000713000000| Complete |  0
| 106|0x0000000713200000, 0x0000000713400000, 0x0000000713400000|100%| E|CS|TAMS 0x0000000713200000| PB 0x0000000713200000| Complete |  0
| 107|0x0000000713400000, 0x0000000713600000, 0x0000000713600000|100%| E|CS|TAMS 0x0000000713400000| PB 0x0000000713400000| Complete |  0
| 108|0x0000000713600000, 0x0000000713800000, 0x0000000713800000|100%| E|CS|TAMS 0x0000000713600000| PB 0x0000000713600000| Complete |  0
| 109|0x0000000713800000, 0x0000000713a00000, 0x0000000713a00000|100%| E|CS|TAMS 0x0000000713800000| PB 0x0000000713800000| Complete |  0
| 110|0x0000000713a00000, 0x0000000713c00000, 0x0000000713c00000|100%| E|CS|TAMS 0x0000000713a00000| PB 0x0000000713a00000| Complete |  0
| 111|0x0000000713c00000, 0x0000000713e00000, 0x0000000713e00000|100%| E|CS|TAMS 0x0000000713c00000| PB 0x0000000713c00000| Complete |  0
| 112|0x0000000713e00000, 0x0000000714000000, 0x0000000714000000|100%| E|CS|TAMS 0x0000000713e00000| PB 0x0000000713e00000| Complete |  0
| 113|0x0000000714000000, 0x0000000714200000, 0x0000000714200000|100%| E|CS|TAMS 0x0000000714000000| PB 0x0000000714000000| Complete |  0
| 114|0x0000000714200000, 0x0000000714400000, 0x0000000714400000|100%| E|CS|TAMS 0x0000000714200000| PB 0x0000000714200000| Complete |  0
| 115|0x0000000714400000, 0x0000000714600000, 0x0000000714600000|100%| E|CS|TAMS 0x0000000714400000| PB 0x0000000714400000| Complete |  0
| 116|0x0000000714600000, 0x0000000714800000, 0x0000000714800000|100%| E|CS|TAMS 0x0000000714600000| PB 0x0000000714600000| Complete |  0
| 117|0x0000000714800000, 0x0000000714a00000, 0x0000000714a00000|100%| E|CS|TAMS 0x0000000714800000| PB 0x0000000714800000| Complete |  0
| 118|0x0000000714a00000, 0x0000000714c00000, 0x0000000714c00000|100%| E|CS|TAMS 0x0000000714a00000| PB 0x0000000714a00000| Complete |  0
| 119|0x0000000714c00000, 0x0000000714e00000, 0x0000000714e00000|100%| E|CS|TAMS 0x0000000714c00000| PB 0x0000000714c00000| Complete |  0
| 120|0x0000000714e00000, 0x0000000715000000, 0x0000000715000000|100%| E|CS|TAMS 0x0000000714e00000| PB 0x0000000714e00000| Complete |  0
| 121|0x0000000715000000, 0x0000000715200000, 0x0000000715200000|100%| E|CS|TAMS 0x0000000715000000| PB 0x0000000715000000| Complete |  0
| 122|0x0000000715200000, 0x0000000715400000, 0x0000000715400000|100%| E|CS|TAMS 0x0000000715200000| PB 0x0000000715200000| Complete |  0
| 123|0x0000000715400000, 0x0000000715600000, 0x0000000715600000|100%| E|CS|TAMS 0x0000000715400000| PB 0x0000000715400000| Complete |  0
| 124|0x0000000715600000, 0x0000000715800000, 0x0000000715800000|100%| E|CS|TAMS 0x0000000715600000| PB 0x0000000715600000| Complete |  0
| 125|0x0000000715800000, 0x0000000715a00000, 0x0000000715a00000|100%| E|CS|TAMS 0x0000000715800000| PB 0x0000000715800000| Complete |  0

Card table byte_map: [0x0000011843630000,0x0000011843e10000] _byte_map_base: 0x000001183fe01000

Marking Bits: (CMBitMap*) 0x000001182accda90
 Bits: [0x0000011843e10000, 0x0000011847c98000)

Polling page: 0x0000011828a90000

Metaspace:

Usage:
  Non-class:      9.74 MB used.
      Class:    936.94 KB used.
       Both:     10.65 MB used.

Virtual space:
  Non-class space:       64.00 MB reserved,       9.94 MB ( 16%) committed,  1 nodes.
      Class space:        1.00 GB reserved,       1.06 MB ( <1%) committed,  1 nodes.
             Both:        1.06 GB reserved,      11.00 MB (  1%) committed. 

Chunk freelists:
   Non-Class:  4.92 MB
       Class:  14.96 MB
        Both:  19.88 MB

MaxMetaspaceSize: unlimited
CompressedClassSpaceSize: 1.00 GB
Initial GC threshold: 21.00 MB
Current GC threshold: 21.00 MB
CDS: on
 - commit_granule_bytes: 65536.
 - commit_granule_words: 8192.
 - virtual_space_node_default_size: 8388608.
 - enlarge_chunks_in_place: 1.
 - use_allocation_guard: 0.


Internal statistics:

num_allocs_failed_limit: 0.
num_arena_births: 240.
num_arena_deaths: 0.
num_vsnodes_births: 2.
num_vsnodes_deaths: 0.
num_space_committed: 175.
num_space_uncommitted: 0.
num_chunks_returned_to_freelist: 0.
num_chunks_taken_from_freelist: 619.
num_chunk_merges: 0.
num_chunk_splits: 407.
num_chunks_enlarged: 273.
num_inconsistent_stats: 0.

CodeHeap 'non-profiled nmethods': size=119232Kb used=2162Kb max_used=2162Kb free=117069Kb
 bounds [0x000001183af30000, 0x000001183b1a0000, 0x00000118423a0000]
CodeHeap 'profiled nmethods': size=119104Kb used=4670Kb max_used=4670Kb free=114434Kb
 bounds [0x00000118333a0000, 0x0000011833830000, 0x000001183a7f0000]
CodeHeap 'non-nmethods': size=7424Kb used=2193Kb max_used=3901Kb free=5230Kb
 bounds [0x000001183a7f0000, 0x000001183abd0000, 0x000001183af30000]
CodeCache: size=245760Kb, used=9025Kb, max_used=10733Kb, free=236733Kb
 total_blobs=4778, nmethods=3597, adapters=1086, full_count=0
Compilation: enabled, stopped_count=0, restarted_count=0

Compilation events (20 events):
Event: 103.022 Thread 0x00000118900180f0 nmethod 3588 0x0000011833827108 code [0x0000011833827380, 0x00000118338284b8]
Event: 103.387 Thread 0x000001189000a050 3589       4       com.badlogic.gdx.utils.FloatArray::get (54 bytes)
Event: 103.388 Thread 0x000001189000a050 nmethod 3589 0x000001183b14bb88 code [0x000001183b14bc80, 0x000001183b14bd68]
Event: 104.647 Thread 0x00000118900180f0 3590       3       com.badlogic.gdx.scenes.scene2d.ui.TextButton::draw (21 bytes)
Event: 104.648 Thread 0x00000118900180f0 nmethod 3590 0x0000011833828588 code [0x00000118338286c0, 0x0000011833828988]
Event: 106.029 Thread 0x00000118900180f0 3591       3       org.lwjgl.openal.ALC::check (16 bytes)
Event: 106.030 Thread 0x00000118900180f0 nmethod 3591 0x0000011833828a08 code [0x0000011833828b40, 0x0000011833828d40]
Event: 106.926 Thread 0x000001189000a050 3592       4       com.StardewValley.View.GameScreen::drawTool (232 bytes)
Event: 106.931 Thread 0x000001189000a050 nmethod 3592 0x000001183b14be88 code [0x000001183b14c060, 0x000001183b14c520]
Event: 108.711 Thread 0x00000118900180f0 3593   !   3       java.util.concurrent.ConcurrentHashMap::replaceNode (437 bytes)
Event: 108.727 Thread 0x00000118900180f0 nmethod 3593 0x0000011833828d88 code [0x0000011833829060, 0x000001183382a840]
Event: 109.865 Thread 0x00000118900180f0 3594 % !   3       com.StardewValley.View.GameScreen::drawNPCsAndForaging @ 16 (338 bytes)
Event: 109.867 Thread 0x00000118900180f0 nmethod 3594% 0x000001183382a888 code [0x000001183382acc0, 0x000001183382cda0]
Event: 109.867 Thread 0x00000118900180f0 3595       3       com.StardewValley.model.App::isNpcTile (39 bytes)
Event: 109.867 Thread 0x00000118900180f0 nmethod 3595 0x000001183382cf08 code [0x000001183382d040, 0x000001183382d268]
Event: 109.877 Thread 0x00000118900180f0 3596   !   3       com.StardewValley.View.GameScreen::drawNPCsAndForaging (338 bytes)
Event: 109.879 Thread 0x00000118900180f0 nmethod 3596 0x000001183382d288 code [0x000001183382d6a0, 0x000001183382f680]
Event: 109.955 Thread 0x000001189000a050 3597       4       com.StardewValley.model.App::isNpcTile (39 bytes)
Event: 109.956 Thread 0x000001189000a050 nmethod 3597 0x000001183b14c608 code [0x000001183b14c720, 0x000001183b14c838]
Event: 110.534 Thread 0x000001189000a050 3598 % !   4       com.StardewValley.View.GameScreen::drawNPCsAndForaging @ 16 (338 bytes)

GC Heap History (20 events):
Event: 22.450 GC heap before
{Heap before GC invocations=5 (full 0):
 garbage-first heap   total reserved 4098048K, committed 258048K, used 132733K [0x0000000705e00000, 0x0000000800000000)
  region size 2048K, 62 young (126976K), 6 survivors (12288K)
 Metaspace       used 10400K, committed 10688K, reserved 1114112K
  class space    used 887K, committed 1024K, reserved 1048576K
}
Event: 22.460 GC heap after
{Heap after GC invocations=6 (full 0):
 garbage-first heap   total reserved 4098048K, committed 258048K, used 24398K [0x0000000705e00000, 0x0000000800000000)
  region size 2048K, 7 young (14336K), 7 survivors (14336K)
 Metaspace       used 10400K, committed 10688K, reserved 1114112K
  class space    used 887K, committed 1024K, reserved 1048576K
}
Event: 30.953 GC heap before
{Heap before GC invocations=6 (full 0):
 garbage-first heap   total reserved 4098048K, committed 258048K, used 159566K [0x0000000705e00000, 0x0000000800000000)
  region size 2048K, 73 young (149504K), 7 survivors (14336K)
 Metaspace       used 10687K, committed 11008K, reserved 1114112K
  class space    used 921K, committed 1088K, reserved 1048576K
}
Event: 30.963 GC heap after
{Heap after GC invocations=7 (full 0):
 garbage-first heap   total reserved 4098048K, committed 258048K, used 31842K [0x0000000705e00000, 0x0000000800000000)
  region size 2048K, 9 young (18432K), 9 survivors (18432K)
 Metaspace       used 10687K, committed 11008K, reserved 1114112K
  class space    used 921K, committed 1088K, reserved 1048576K
}
Event: 39.296 GC heap before
{Heap before GC invocations=7 (full 0):
 garbage-first heap   total reserved 4098048K, committed 258048K, used 167010K [0x0000000705e00000, 0x0000000800000000)
  region size 2048K, 75 young (153600K), 9 survivors (18432K)
 Metaspace       used 10688K, committed 11008K, reserved 1114112K
  class space    used 921K, committed 1088K, reserved 1048576K
}
Event: 39.307 GC heap after
{Heap after GC invocations=8 (full 0):
 garbage-first heap   total reserved 4098048K, committed 258048K, used 39206K [0x0000000705e00000, 0x0000000800000000)
  region size 2048K, 8 young (16384K), 8 survivors (16384K)
 Metaspace       used 10688K, committed 11008K, reserved 1114112K
  class space    used 921K, committed 1088K, reserved 1048576K
}
Event: 48.031 GC heap before
{Heap before GC invocations=8 (full 0):
 garbage-first heap   total reserved 4098048K, committed 258048K, used 176422K [0x0000000705e00000, 0x0000000800000000)
  region size 2048K, 75 young (153600K), 8 survivors (16384K)
 Metaspace       used 10697K, committed 11008K, reserved 1114112K
  class space    used 921K, committed 1088K, reserved 1048576K
}
Event: 48.040 GC heap after
{Heap after GC invocations=9 (full 0):
 garbage-first heap   total reserved 4098048K, committed 258048K, used 46048K [0x0000000705e00000, 0x0000000800000000)
  region size 2048K, 8 young (16384K), 8 survivors (16384K)
 Metaspace       used 10697K, committed 11008K, reserved 1114112K
  class space    used 921K, committed 1088K, reserved 1048576K
}
Event: 56.535 GC heap before
{Heap before GC invocations=9 (full 0):
 garbage-first heap   total reserved 4098048K, committed 258048K, used 183264K [0x0000000705e00000, 0x0000000800000000)
  region size 2048K, 75 young (153600K), 8 survivors (16384K)
 Metaspace       used 10698K, committed 11008K, reserved 1114112K
  class space    used 921K, committed 1088K, reserved 1048576K
}
Event: 56.545 GC heap after
{Heap after GC invocations=10 (full 0):
 garbage-first heap   total reserved 4098048K, committed 258048K, used 53524K [0x0000000705e00000, 0x0000000800000000)
  region size 2048K, 8 young (16384K), 8 survivors (16384K)
 Metaspace       used 10698K, committed 11008K, reserved 1114112K
  class space    used 921K, committed 1088K, reserved 1048576K
}
Event: 65.490 GC heap before
{Heap before GC invocations=10 (full 0):
 garbage-first heap   total reserved 4098048K, committed 258048K, used 190740K [0x0000000705e00000, 0x0000000800000000)
  region size 2048K, 75 young (153600K), 8 survivors (16384K)
 Metaspace       used 10727K, committed 11008K, reserved 1114112K
  class space    used 921K, committed 1088K, reserved 1048576K
}
Event: 65.506 GC heap after
{Heap after GC invocations=11 (full 0):
 garbage-first heap   total reserved 4098048K, committed 258048K, used 60934K [0x0000000705e00000, 0x0000000800000000)
  region size 2048K, 8 young (16384K), 8 survivors (16384K)
 Metaspace       used 10727K, committed 11008K, reserved 1114112K
  class space    used 921K, committed 1088K, reserved 1048576K
}
Event: 74.301 GC heap before
{Heap before GC invocations=11 (full 0):
 garbage-first heap   total reserved 4098048K, committed 258048K, used 198150K [0x0000000705e00000, 0x0000000800000000)
  region size 2048K, 75 young (153600K), 8 survivors (16384K)
 Metaspace       used 10791K, committed 11072K, reserved 1114112K
  class space    used 924K, committed 1088K, reserved 1048576K
}
Event: 74.314 GC heap after
{Heap after GC invocations=12 (full 0):
 garbage-first heap   total reserved 4098048K, committed 258048K, used 67584K [0x0000000705e00000, 0x0000000800000000)
  region size 2048K, 7 young (14336K), 7 survivors (14336K)
 Metaspace       used 10791K, committed 11072K, reserved 1114112K
  class space    used 924K, committed 1088K, reserved 1048576K
}
Event: 83.680 GC heap before
{Heap before GC invocations=12 (full 0):
 garbage-first heap   total reserved 4098048K, committed 258048K, used 206848K [0x0000000705e00000, 0x0000000800000000)
  region size 2048K, 75 young (153600K), 7 survivors (14336K)
 Metaspace       used 10880K, committed 11200K, reserved 1114112K
  class space    used 935K, committed 1088K, reserved 1048576K
}
Event: 83.689 GC heap after
{Heap after GC invocations=13 (full 0):
 garbage-first heap   total reserved 4098048K, committed 258048K, used 75267K [0x0000000705e00000, 0x0000000800000000)
  region size 2048K, 8 young (16384K), 8 survivors (16384K)
 Metaspace       used 10880K, committed 11200K, reserved 1114112K
  class space    used 935K, committed 1088K, reserved 1048576K
}
Event: 92.609 GC heap before
{Heap before GC invocations=13 (full 0):
 garbage-first heap   total reserved 4098048K, committed 258048K, used 212483K [0x0000000705e00000, 0x0000000800000000)
  region size 2048K, 75 young (153600K), 8 survivors (16384K)
 Metaspace       used 10883K, committed 11200K, reserved 1114112K
  class space    used 935K, committed 1088K, reserved 1048576K
}
Event: 92.622 GC heap after
{Heap after GC invocations=14 (full 0):
 garbage-first heap   total reserved 4098048K, committed 258048K, used 83968K [0x0000000705e00000, 0x0000000800000000)
  region size 2048K, 8 young (16384K), 8 survivors (16384K)
 Metaspace       used 10883K, committed 11200K, reserved 1114112K
  class space    used 935K, committed 1088K, reserved 1048576K
}
Event: 101.556 GC heap before
{Heap before GC invocations=14 (full 0):
 garbage-first heap   total reserved 4098048K, committed 258048K, used 221184K [0x0000000705e00000, 0x0000000800000000)
  region size 2048K, 75 young (153600K), 8 survivors (16384K)
 Metaspace       used 10897K, committed 11200K, reserved 1114112K
  class space    used 935K, committed 1088K, reserved 1048576K
}
Event: 101.568 GC heap after
{Heap after GC invocations=15 (full 0):
 garbage-first heap   total reserved 4098048K, committed 258048K, used 91965K [0x0000000705e00000, 0x0000000800000000)
  region size 2048K, 8 young (16384K), 8 survivors (16384K)
 Metaspace       used 10897K, committed 11200K, reserved 1114112K
  class space    used 935K, committed 1088K, reserved 1048576K
}

Dll operation events (10 events):
Event: 0.006 Loaded shared library C:\Program Files\Java\jdk-23\bin\java.dll
Event: 0.040 Loaded shared library C:\Program Files\Java\jdk-23\bin\jsvml.dll
Event: 0.077 Loaded shared library C:\Program Files\Java\jdk-23\bin\net.dll
Event: 0.078 Loaded shared library C:\Program Files\Java\jdk-23\bin\nio.dll
Event: 0.081 Loaded shared library C:\Program Files\Java\jdk-23\bin\zip.dll
Event: 0.112 Loaded shared library C:\Program Files\Java\jdk-23\bin\jimage.dll
Event: 0.117 Loaded shared library C:\ProgramData\libGDX-temp\libgdxUser_858457471_GDX1_13_1\c39de338\gdx64.dll
Event: 0.208 Loaded shared library C:\Users\Padidar\AppData\Local\Temp\lwjgl_Padidar\3.3.3+5\x64\lwjgl.dll
Event: 0.565 Loaded shared library C:\Users\Padidar\AppData\Local\Temp\lwjgl_Padidar\3.3.3+5\x64\lwjgl_opengl.dll
Event: 1.055 Loaded shared library C:\Users\Padidar\AppData\Local\Temp\sqlite-3.45.2.0-d5c32289-2038-4489-be50-50f7291b15a3-sqlitejdbc.dll

Deoptimization events (20 events):
Event: 108.700 Thread 0x00000118286f9190 Uncommon trap: trap_request=0xffffff9d fr.pc=0x000001183b0eca70 relative=0x0000000000008290
Event: 108.700 Thread 0x00000118286f9190 Uncommon trap: reason=unreached action=reinterpret pc=0x000001183b0eca70 method=com.StardewValley.View.GameScreen.render(F)V @ 261 c2
Event: 108.700 Thread 0x00000118286f9190 DEOPT PACKING pc=0x000001183b0eca70 sp=0x0000000f4e4fef70
Event: 108.700 Thread 0x00000118286f9190 DEOPT UNPACKING pc=0x000001183a844402 sp=0x0000000f4e4fee38 mode 2
Event: 108.799 Thread 0x00000118286f9190 Uncommon trap: trap_request=0xffffff45 fr.pc=0x000001183b0d3420 relative=0x0000000000001fa0
Event: 108.799 Thread 0x00000118286f9190 Uncommon trap: reason=unstable_if action=reinterpret pc=0x000001183b0d3420 method=com.badlogic.gdx.graphics.Texture.dispose()V @ 4 c2
Event: 108.799 Thread 0x00000118286f9190 DEOPT PACKING pc=0x000001183b0d3420 sp=0x0000000f4e4fed10
Event: 108.799 Thread 0x00000118286f9190 DEOPT UNPACKING pc=0x000001183a844402 sp=0x0000000f4e4fec78 mode 2
Event: 109.858 Thread 0x00000118286f9190 Uncommon trap: trap_request=0xffffff45 fr.pc=0x000001183b0ae840 relative=0x0000000000000b00
Event: 109.858 Thread 0x00000118286f9190 Uncommon trap: reason=unstable_if action=reinterpret pc=0x000001183b0ae840 method=com.StardewValley.model.App.isNpcTile(Lcom/StardewValley/model/enums/TileType;)Z @ 4 c2
Event: 109.858 Thread 0x00000118286f9190 DEOPT PACKING pc=0x000001183b0ae840 sp=0x0000000f4e4fedf0
Event: 109.858 Thread 0x00000118286f9190 DEOPT UNPACKING pc=0x000001183a844402 sp=0x0000000f4e4fed20 mode 2
Event: 109.865 Thread 0x00000118286f9190 Uncommon trap: trap_request=0xffffff45 fr.pc=0x000001183afbfb28 relative=0x0000000000000088
Event: 109.865 Thread 0x00000118286f9190 Uncommon trap: reason=unstable_if action=reinterpret pc=0x000001183afbfb28 method=com.StardewValley.model.App.isNpcTile(Lcom/StardewValley/model/enums/TileType;)Z @ 4 c2
Event: 109.865 Thread 0x00000118286f9190 DEOPT PACKING pc=0x000001183afbfb28 sp=0x0000000f4e4fed80
Event: 109.865 Thread 0x00000118286f9190 DEOPT UNPACKING pc=0x000001183a844402 sp=0x0000000f4e4fed18 mode 2
Event: 110.552 Thread 0x00000118286f9190 Uncommon trap: trap_request=0xffffff45 fr.pc=0x000001183b147450 relative=0x0000000000000310
Event: 110.552 Thread 0x00000118286f9190 Uncommon trap: reason=unstable_if action=reinterpret pc=0x000001183b147450 method=com.badlogic.gdx.graphics.g2d.Gdx2DPixmap.<init>([BIII)V @ 29 c2
Event: 110.552 Thread 0x00000118286f9190 DEOPT PACKING pc=0x000001183b147450 sp=0x0000000f4e4feb70
Event: 110.552 Thread 0x00000118286f9190 DEOPT UNPACKING pc=0x000001183a844402 sp=0x0000000f4e4feb40 mode 2

Classes loaded (20 events):
Event: 1.446 Loading class java/lang/StringIndexOutOfBoundsException
Event: 1.446 Loading class java/lang/StringIndexOutOfBoundsException done
Event: 1.615 Loading class java/util/Collections$UnmodifiableMap$UnmodifiableEntrySet
Event: 1.615 Loading class java/util/Collections$UnmodifiableMap$UnmodifiableEntrySet done
Event: 1.615 Loading class java/util/Collections$UnmodifiableMap$UnmodifiableEntrySet$1
Event: 1.615 Loading class java/util/Collections$UnmodifiableMap$UnmodifiableEntrySet$1 done
Event: 1.615 Loading class java/util/Collections$UnmodifiableMap$UnmodifiableEntrySet$UnmodifiableEntry
Event: 1.615 Loading class java/util/Collections$UnmodifiableMap$UnmodifiableEntrySet$UnmodifiableEntry done
Event: 24.246 Loading class java/lang/invoke/MethodHandle$1
Event: 24.246 Loading class java/lang/invoke/MethodHandle$1 done
Event: 25.529 Loading class java/net/Proxy
Event: 25.530 Loading class java/net/Proxy done
Event: 81.985 Loading class java/util/Formatter$FormatSpecifierParser
Event: 81.987 Loading class java/util/Formatter$FormatSpecifierParser done
Event: 81.989 Loading class jdk/internal/math/FormattedFPDecimal
Event: 81.990 Loading class jdk/internal/math/FormattedFPDecimal done
Event: 108.717 Loading class java/lang/Throwable$WrappedPrintStream
Event: 108.747 Loading class java/lang/Throwable$PrintStreamOrWriter
Event: 108.757 Loading class java/lang/Throwable$PrintStreamOrWriter done
Event: 108.757 Loading class java/lang/Throwable$WrappedPrintStream done

Classes unloaded (0 events):
No events

Classes redefined (0 events):
No events

Internal exceptions (20 events):
Event: 0.276 Thread 0x00000118286f9190 Exception <a 'sun/nio/fs/WindowsException'{0x0000000715097fb8}> (0x0000000715097fb8) 
thrown [s\open\src\hotspot\share\prims\jni.cpp, line 520]
Event: 0.278 Thread 0x00000118286f9190 Exception <a 'java/lang/NoSuchMethodError'{0x000000071509f298}: 'int java.lang.invoke.Invokers$Holder.invokeExact_MT(java.lang.Object, java.lang.Object)'> (0x000000071509f298) 
thrown [s\open\src\hotspot\share\interpreter\linkResolver.cpp, line 796]
Event: 0.310 Thread 0x00000118286f9190 Exception <a 'sun/nio/fs/WindowsException'{0x0000000715168658}> (0x0000000715168658) 
thrown [s\open\src\hotspot\share\prims\jni.cpp, line 520]
Event: 0.310 Thread 0x00000118286f9190 Exception <a 'sun/nio/fs/WindowsException'{0x00000007151689e8}> (0x00000007151689e8) 
thrown [s\open\src\hotspot\share\prims\jni.cpp, line 520]
Event: 0.452 Thread 0x00000118286f9190 Exception <a 'java/lang/NoSuchMethodError'{0x0000000714e24018}: 'java.lang.Object java.lang.invoke.DirectMethodHandle$Holder.newInvokeSpecial(java.lang.Object, long)'> (0x0000000714e24018) 
thrown [s\open\src\hotspot\share\interpreter\linkResolver.cpp, line 796]
Event: 0.557 Thread 0x00000118286f9190 Exception <a 'java/lang/NoSuchMethodError'{0x0000000714fe4720}: 'void java.lang.invoke.DirectMethodHandle$Holder.invokeStatic(java.lang.Object, long)'> (0x0000000714fe4720) 
thrown [s\open\src\hotspot\share\interpreter\linkResolver.cpp, line 796]
Event: 0.561 Thread 0x00000118286f9190 Exception <a 'java/lang/NoSuchMethodError'{0x0000000714c08838}: 'void java.lang.System.load(java.lang.String, java.lang.Class)'> (0x0000000714c08838) 
thrown [s\open\src\hotspot\share\interpreter\linkResolver.cpp, line 796]
Event: 0.562 Thread 0x00000118286f9190 Exception <a 'java/lang/NoSuchMethodError'{0x0000000714c0b2c8}: 'void java.lang.System.loadLibrary(java.lang.String, java.lang.Class)'> (0x0000000714c0b2c8) 
thrown [s\open\src\hotspot\share\interpreter\linkResolver.cpp, line 796]
Event: 0.564 Thread 0x00000118286f9190 Exception <a 'sun/nio/fs/WindowsException'{0x0000000714c1c710}> (0x0000000714c1c710) 
thrown [s\open\src\hotspot\share\prims\jni.cpp, line 520]
Event: 0.564 Thread 0x00000118286f9190 Exception <a 'sun/nio/fs/WindowsException'{0x0000000714c1cac8}> (0x0000000714c1cac8) 
thrown [s\open\src\hotspot\share\prims\jni.cpp, line 520]
Event: 0.566 Thread 0x00000118286f9190 Exception <a 'sun/nio/fs/WindowsException'{0x0000000714c29430}> (0x0000000714c29430) 
thrown [s\open\src\hotspot\share\prims\jni.cpp, line 520]
Event: 0.566 Thread 0x00000118286f9190 Exception <a 'sun/nio/fs/WindowsException'{0x0000000714c29720}> (0x0000000714c29720) 
thrown [s\open\src\hotspot\share\prims\jni.cpp, line 520]
Event: 0.883 Thread 0x00000118286f9190 Exception <a 'java/lang/NoSuchMethodError'{0x0000000714868be0}: 'java.lang.Object java.lang.invoke.DirectMethodHandle$Holder.invokeVirtual(java.lang.Object, java.lang.Object, java.lang.Object)'> (0x0000000714868be0) 
thrown [s\open\src\hotspot\share\interpreter\linkResolver.cpp, line 796]
Event: 0.968 Thread 0x00000118286f9190 Exception <a 'sun/nio/fs/WindowsException'{0x0000000714762678}> (0x0000000714762678) 
thrown [s\open\src\hotspot\share\prims\jni.cpp, line 520]
Event: 0.978 Thread 0x00000118286f9190 Exception <a 'java/lang/NoSuchMethodError'{0x000000071478bfe8}: 'java.lang.Object java.lang.invoke.DirectMethodHandle$Holder.invokeStaticInit(java.lang.Object, int, int, int, int)'> (0x000000071478bfe8) 
thrown [s\open\src\hotspot\share\interpreter\linkResolver.cpp, line 796]
Event: 0.995 Thread 0x00000118286f9190 Exception <a 'java/lang/NoSuchMethodError'{0x00000007147cdab8}: 'java.lang.Object java.lang.invoke.DirectMethodHandle$Holder.invokeStaticInit(java.lang.Object, java.lang.Object, int, int, int, int)'> (0x00000007147cdab8) 
thrown [s\open\src\hotspot\share\interpreter\linkResolver.cpp, line 796]
Event: 1.001 Thread 0x00000118286f9190 Exception <a 'sun/nio/fs/WindowsException'{0x00000007147dfa78}> (0x00000007147dfa78) 
thrown [s\open\src\hotspot\share\prims\jni.cpp, line 520]
Event: 1.002 Thread 0x00000118286f9190 Exception <a 'sun/nio/fs/WindowsException'{0x00000007147e0440}> (0x00000007147e0440) 
thrown [s\open\src\hotspot\share\prims\jni.cpp, line 520]
Event: 1.434 Thread 0x00000118286f9190 Exception <a 'java/lang/NoSuchMethodError'{0x0000000715128f58}: 'void java.lang.invoke.Invokers$Holder.invokeExact_MT(java.lang.Object, java.lang.Object, java.lang.Object, java.lang.Object)'> (0x0000000715128f58) 
thrown [s\open\src\hotspot\share\interpreter\linkResolver.cpp, line 796]
Event: 79.597 Thread 0x00000118286f9190 Exception <a 'java/lang/NoSuchMethodError'{0x0000000710f32618}: 'java.lang.Object java.lang.invoke.DirectMethodHandle$Holder.invokeSpecial(java.lang.Object, java.lang.Object, int, java.lang.Object, int)'> (0x0000000710f32618) 
thrown [s\open\src\hotspot\share\interpreter\linkResolver.cpp, line 796]

VM Operations (20 events):
Event: 48.031 Executing VM operation: G1CollectForAllocation (G1 Evacuation Pause)
Event: 48.040 Executing VM operation: G1CollectForAllocation (G1 Evacuation Pause) done
Event: 56.535 Executing VM operation: G1CollectForAllocation (G1 Evacuation Pause)
Event: 56.545 Executing VM operation: G1CollectForAllocation (G1 Evacuation Pause) done
Event: 60.215 Executing VM operation: HandshakeAllThreads (HandshakeForDeflation)
Event: 60.215 Executing VM operation: HandshakeAllThreads (HandshakeForDeflation) done
Event: 60.215 Executing VM operation: RendezvousGCThreads
Event: 60.215 Executing VM operation: RendezvousGCThreads done
Event: 65.489 Executing VM operation: G1CollectForAllocation (G1 Evacuation Pause)
Event: 65.506 Executing VM operation: G1CollectForAllocation (G1 Evacuation Pause) done
Event: 74.301 Executing VM operation: G1CollectForAllocation (G1 Evacuation Pause)
Event: 74.314 Executing VM operation: G1CollectForAllocation (G1 Evacuation Pause) done
Event: 82.002 Executing VM operation: HandshakeAllThreads (Deoptimize)
Event: 82.002 Executing VM operation: HandshakeAllThreads (Deoptimize) done
Event: 83.680 Executing VM operation: G1CollectForAllocation (G1 Evacuation Pause)
Event: 83.689 Executing VM operation: G1CollectForAllocation (G1 Evacuation Pause) done
Event: 92.609 Executing VM operation: G1CollectForAllocation (G1 Evacuation Pause)
Event: 92.622 Executing VM operation: G1CollectForAllocation (G1 Evacuation Pause) done
Event: 101.556 Executing VM operation: G1CollectForAllocation (G1 Evacuation Pause)
Event: 101.569 Executing VM operation: G1CollectForAllocation (G1 Evacuation Pause) done

Memory protections (0 events):
No events

Nmethod flushes (0 events):
No events

Events (20 events):
Event: 24.592 Thread 0x0000011890015810 Thread exited: 0x0000011890015810
Event: 26.655 Thread 0x000001189000a050 Thread added: 0x000001194ea76130
Event: 26.854 Thread 0x000001194ea76130 Thread exited: 0x000001194ea76130
Event: 28.508 Thread 0x0000011890014a70 Thread exited: 0x0000011890014a70
Event: 28.508 Thread 0x0000011890017a20 Thread exited: 0x0000011890017a20
Event: 53.172 Thread 0x000001189000a050 Thread added: 0x000001194ea76130
Event: 53.172 Thread 0x000001189000a050 Thread added: 0x000001194ea72ab0
Event: 53.377 Thread 0x000001194ea72ab0 Thread exited: 0x000001194ea72ab0
Event: 56.288 Thread 0x000001194ea76130 Thread exited: 0x000001194ea76130
Event: 61.917 Thread 0x000001189000a050 Thread added: 0x000001194ea76130
Event: 61.917 Thread 0x000001189000a050 Thread added: 0x000001194ea75a60
Event: 62.103 Thread 0x000001194ea75a60 Thread exited: 0x000001194ea75a60
Event: 62.712 Thread 0x00000118900180f0 Thread added: 0x000001194ea75a60
Event: 63.438 Thread 0x000001194ea75a60 Thread exited: 0x000001194ea75a60
Event: 63.851 Thread 0x000001194ea76130 Thread exited: 0x000001194ea76130
Event: 67.556 Thread 0x00000118286f9190 Thread added: 0x0000011abc19f990
Event: 68.972 Thread 0x00000118900180f0 Thread added: 0x000001194ea73850
Event: 68.972 Thread 0x00000118900180f0 Thread added: 0x000001194ea76130
Event: 69.495 Thread 0x000001194ea76130 Thread exited: 0x000001194ea76130
Event: 69.495 Thread 0x000001194ea73850 Thread exited: 0x000001194ea73850


Dynamic libraries:
0x00007ff7c8980000 - 0x00007ff7c8990000 	C:\Program Files\Java\jdk-23\bin\java.exe
0x00007ffd243c0000 - 0x00007ffd24627000 	C:\WINDOWS\SYSTEM32\ntdll.dll
0x00007ffd22410000 - 0x00007ffd224d9000 	C:\WINDOWS\System32\KERNEL32.DLL
0x00007ffd21c20000 - 0x00007ffd22010000 	C:\WINDOWS\System32\KERNELBASE.dll
0x00007ffd21a20000 - 0x00007ffd21b6b000 	C:\WINDOWS\System32\ucrtbase.dll
0x00007ffcebc80000 - 0x00007ffcebc9b000 	C:\Program Files\Java\jdk-23\bin\VCRUNTIME140.dll
0x00007ffd19590000 - 0x00007ffd195a7000 	C:\Program Files\Java\jdk-23\bin\jli.dll
0x00007ffd22240000 - 0x00007ffd22405000 	C:\WINDOWS\System32\USER32.dll
0x00007ffd21730000 - 0x00007ffd21757000 	C:\WINDOWS\System32\win32u.dll
0x00007ffd08170000 - 0x00007ffd0840a000 	C:\WINDOWS\WinSxS\amd64_microsoft.windows.common-controls_6595b64144ccf1df_6.0.26100.4768_none_3e0c112ce331287c\COMCTL32.dll
0x00007ffd23be0000 - 0x00007ffd23c0b000 	C:\WINDOWS\System32\GDI32.dll
0x00007ffd22cf0000 - 0x00007ffd22d99000 	C:\WINDOWS\System32\msvcrt.dll
0x00007ffd218e0000 - 0x00007ffd21a18000 	C:\WINDOWS\System32\gdi32full.dll
0x00007ffd21b70000 - 0x00007ffd21c13000 	C:\WINDOWS\System32\msvcp_win.dll
0x00007ffd24340000 - 0x00007ffd2436f000 	C:\WINDOWS\System32\IMM32.DLL
0x00007ffd19500000 - 0x00007ffd1950c000 	C:\Program Files\Java\jdk-23\bin\vcruntime140_1.dll
0x00007ffc87b90000 - 0x00007ffc87c1e000 	C:\Program Files\Java\jdk-23\bin\msvcp140.dll
0x00007ffc1a2e0000 - 0x00007ffc1b030000 	C:\Program Files\Java\jdk-23\bin\server\jvm.dll
0x00007ffd225e0000 - 0x00007ffd22694000 	C:\WINDOWS\System32\ADVAPI32.dll
0x00007ffd23f80000 - 0x00007ffd24026000 	C:\WINDOWS\System32\sechost.dll
0x00007ffd22bd0000 - 0x00007ffd22ce8000 	C:\WINDOWS\System32\RPCRT4.dll
0x00007ffd241a0000 - 0x00007ffd24214000 	C:\WINDOWS\System32\WS2_32.dll
0x00007ffd16a30000 - 0x00007ffd16a65000 	C:\WINDOWS\SYSTEM32\WINMM.dll
0x00007ffd20090000 - 0x00007ffd200ee000 	C:\WINDOWS\SYSTEM32\POWRPROF.dll
0x00007ffd19c60000 - 0x00007ffd19c6b000 	C:\WINDOWS\SYSTEM32\VERSION.dll
0x00007ffd20070000 - 0x00007ffd20084000 	C:\WINDOWS\SYSTEM32\UMPDC.dll
0x00007ffd202b0000 - 0x00007ffd202cb000 	C:\WINDOWS\SYSTEM32\kernel.appcore.dll
0x00007ffd194e0000 - 0x00007ffd194ea000 	C:\Program Files\Java\jdk-23\bin\jimage.dll
0x00007ffd1ec20000 - 0x00007ffd1ee61000 	C:\WINDOWS\SYSTEM32\DBGHELP.DLL
0x00007ffd22da0000 - 0x00007ffd23125000 	C:\WINDOWS\System32\combase.dll
0x00007ffd23c10000 - 0x00007ffd23cf0000 	C:\WINDOWS\System32\OLEAUT32.dll
0x00007ffce7690000 - 0x00007ffce76d3000 	C:\WINDOWS\SYSTEM32\dbgcore.DLL
0x00007ffd220b0000 - 0x00007ffd22149000 	C:\WINDOWS\System32\bcryptPrimitives.dll
0x00007ffcebc60000 - 0x00007ffcebc7e000 	C:\Program Files\Java\jdk-23\bin\java.dll
0x00007ffd23140000 - 0x00007ffd232e0000 	C:\WINDOWS\System32\ole32.dll
0x00007ffd23360000 - 0x00007ffd23aad000 	C:\WINDOWS\System32\SHELL32.dll
0x00007ffd214f0000 - 0x00007ffd21663000 	C:\WINDOWS\System32\wintypes.dll
0x00007ffd1f0b0000 - 0x00007ffd1f90f000 	C:\WINDOWS\SYSTEM32\windows.storage.dll
0x00007ffd24240000 - 0x00007ffd24335000 	C:\WINDOWS\System32\SHCORE.dll
0x00007ffd232f0000 - 0x00007ffd2335a000 	C:\WINDOWS\System32\shlwapi.dll
0x00007ffd21410000 - 0x00007ffd21439000 	C:\WINDOWS\SYSTEM32\profapi.dll
0x00007ffc796c0000 - 0x00007ffc79797000 	C:\Program Files\Java\jdk-23\bin\jsvml.dll
0x00007ffd19460000 - 0x00007ffd19470000 	C:\Program Files\Java\jdk-23\bin\net.dll
0x00007ffd208c0000 - 0x00007ffd2092b000 	C:\WINDOWS\system32\mswsock.dll
0x00007ffceb2c0000 - 0x00007ffceb2d6000 	C:\Program Files\Java\jdk-23\bin\nio.dll
0x00007ffcea090000 - 0x00007ffcea0a7000 	C:\Program Files\Java\jdk-23\bin\zip.dll
0x000000006e700000 - 0x000000006e72d000 	C:\ProgramData\libGDX-temp\libgdxUser_858457471_GDX1_13_1\c39de338\gdx64.dll
0x00007ffcea110000 - 0x00007ffcea18b000 	C:\Users\Padidar\AppData\Local\Temp\lwjgl_Padidar\3.3.3+5\x64\lwjgl.dll
0x00007ffce7a60000 - 0x00007ffce7cd0000 	C:\Users\Padidar\AppData\Local\Temp\lwjgl_Padidar\3.3.3+5\x64\jemalloc.dll
0x00007ffce8a60000 - 0x00007ffce8ae2000 	C:\Users\Padidar\AppData\Local\Temp\lwjgl_Padidar\3.3.3+5\x64\glfw.dll
0x00007ffc90850000 - 0x00007ffc9089b000 	C:\WINDOWS\SYSTEM32\dinput8.dll
0x00007ffd097f0000 - 0x00007ffd09802000 	C:\WINDOWS\SYSTEM32\xinput1_4.dll
0x00007ffd211c0000 - 0x00007ffd211ed000 	C:\WINDOWS\SYSTEM32\DEVOBJ.dll
0x00007ffd21160000 - 0x00007ffd211b7000 	C:\WINDOWS\SYSTEM32\cfgmgr32.dll
0x00007ffd1e5b0000 - 0x00007ffd1e5e5000 	C:\WINDOWS\SYSTEM32\dwmapi.dll
0x00007ffd0a010000 - 0x00007ffd0a1f2000 	C:\WINDOWS\SYSTEM32\inputhost.dll
0x00007ffd1d680000 - 0x00007ffd1d7a5000 	C:\WINDOWS\SYSTEM32\CoreMessaging.dll
0x00007ffd1e100000 - 0x00007ffd1e1af000 	C:\WINDOWS\system32\uxtheme.dll
0x00007ffd20b00000 - 0x00007ffd20b0c000 	C:\WINDOWS\SYSTEM32\CRYPTBASE.DLL
0x00007ffd24030000 - 0x00007ffd24191000 	C:\WINDOWS\System32\MSCTF.dll
0x00007ffce7890000 - 0x00007ffce7a57000 	C:\Users\Padidar\AppData\Local\Temp\lwjgl_Padidar\3.3.3+5\x64\OpenAL.dll
0x00007ffd224e0000 - 0x00007ffd22588000 	C:\WINDOWS\System32\clbcatq.dll
0x00007ffd11040000 - 0x00007ffd110e2000 	C:\WINDOWS\System32\MMDevApi.dll
0x00007ffd0dc60000 - 0x00007ffd0de22000 	C:\WINDOWS\SYSTEM32\AUDIOSES.DLL
0x00007ffd1eab0000 - 0x00007ffd1eac4000 	C:\WINDOWS\SYSTEM32\resourcepolicyclient.dll
0x00007ffd021c0000 - 0x00007ffd022d8000 	C:\WINDOWS\SYSTEM32\opengl32.dll
0x00007ffd020c0000 - 0x00007ffd020ed000 	C:\WINDOWS\SYSTEM32\GLU32.dll
0x00007ffd1e620000 - 0x00007ffd1e66d000 	C:\WINDOWS\SYSTEM32\dxcore.dll
0x00007ffd1b440000 - 0x00007ffd1b4aa000 	C:\WINDOWS\SYSTEM32\directxdatabasehelper.dll
0x00007ffd116c0000 - 0x00007ffd116da000 	C:\WINDOWS\SYSTEM32\windows.staterepositorycore.dll
0x00007ffc73210000 - 0x00007ffc7433b000 	C:\WINDOWS\System32\DriverStore\FileRepository\iigd_dch.inf_amd64_ffe7d9986336312b\igxelpicd64.dll
0x00007ffd1e440000 - 0x00007ffd1e57e000 	C:\WINDOWS\system32\dxgi.dll
0x00007ffce8900000 - 0x00007ffce8a55000 	C:\WINDOWS\System32\DriverStore\FileRepository\iigd_dch.inf_amd64_ffe7d9986336312b\igdml64.dll
0x00007ffd158a0000 - 0x00007ffd15cd8000 	C:\WINDOWS\System32\DriverStore\FileRepository\iigd_dch.inf_amd64_ffe7d9986336312b\igdgmm64.dll
0x00007ffd22020000 - 0x00007ffd220a4000 	C:\WINDOWS\System32\WINTRUST.dll
0x00007ffd21760000 - 0x00007ffd218d7000 	C:\WINDOWS\System32\CRYPT32.dll
0x00007ffd20d10000 - 0x00007ffd20d23000 	C:\WINDOWS\SYSTEM32\MSASN1.dll
0x00007ffd11870000 - 0x00007ffd1571d000 	C:\WINDOWS\System32\DriverStore\FileRepository\iigd_dch.inf_amd64_ffe7d9986336312b\igc64.dll
0x00007ffd1acf0000 - 0x00007ffd1adb9000 	C:\WINDOWS\SYSTEM32\mscms.dll
0x00007ffc4d480000 - 0x00007ffc4d4c9000 	C:\WINDOWS\SYSTEM32\icm32.dll
0x00007ffd09320000 - 0x00007ffd0937e000 	C:\Users\Padidar\AppData\Local\Temp\lwjgl_Padidar\3.3.3+5\x64\lwjgl_opengl.dll
0x00007ffd16a70000 - 0x00007ffd16bc1000 	C:\WINDOWS\SYSTEM32\textinputframework.dll
0x00007ffd18dc0000 - 0x00007ffd190a3000 	C:\WINDOWS\SYSTEM32\CoreUIComponents.dll
0x00007ffd20ca0000 - 0x00007ffd20cbb000 	C:\WINDOWS\SYSTEM32\CRYPTSP.dll
0x00007ffd202d0000 - 0x00007ffd2030b000 	C:\WINDOWS\system32\rsaenh.dll
0x00007ffd20960000 - 0x00007ffd2098b000 	C:\WINDOWS\SYSTEM32\USERENV.dll
0x00007ffd213e0000 - 0x00007ffd21406000 	C:\WINDOWS\SYSTEM32\bcrypt.dll
0x00007ffd1fd60000 - 0x00007ffd1fd93000 	C:\WINDOWS\SYSTEM32\IPHLPAPI.DLL
0x00007ffd23d80000 - 0x00007ffd23d8a000 	C:\WINDOWS\System32\NSI.dll
0x00007ffce7790000 - 0x00007ffce7885000 	C:\Users\Padidar\AppData\Local\Temp\sqlite-3.45.2.0-d5c32289-2038-4489-be50-50f7291b15a3-sqlitejdbc.dll

dbghelp: loaded successfully - version: 4.0.5 - missing functions: none
symbol engine: initialized successfully - sym options: 0x614 - pdb path: .;C:\Program Files\Java\jdk-23\bin;C:\WINDOWS\SYSTEM32;C:\WINDOWS\WinSxS\amd64_microsoft.windows.common-controls_6595b64144ccf1df_6.0.26100.4768_none_3e0c112ce331287c;C:\Program Files\Java\jdk-23\bin\server;C:\ProgramData\libGDX-temp\libgdxUser_858457471_GDX1_13_1\c39de338;C:\Users\Padidar\AppData\Local\Temp\lwjgl_Padidar\3.3.3+5\x64;C:\WINDOWS\System32\DriverStore\FileRepository\iigd_dch.inf_amd64_ffe7d9986336312b;C:\Users\Padidar\AppData\Local\Temp

VM Arguments:
jvm_args: -XX:+ShowCodeDetailsInExceptionMessages 
java_command: com.StardewValley.lwjgl3.Lwjgl3Launcher
java_class_path (initial): C:\Users\Padidar\Desktop\Java d@idk man\project\advanced-programming-phase-1-group-47\lwjgl3\bin\main;\twentyMinutesTillDawn-core\bin\default;C:\Users\Padidar\Desktop\Java d@idk man\project\advanced-programming-phase-1-group-47\core\bin\main;C:\Users\Padidar\.gradle\caches\modules-2\files-2.1\com.badlogicgames.gdx\gdx-backend-lwjgl3\1.13.1\c8d8f1c3ccd17fe2202a1d581e179c4ba0ccc45d\gdx-backend-lwjgl3-1.13.1.jar;C:\Users\Padidar\.gradle\caches\modules-2\files-2.1\com.badlogicgames.gdx\gdx\1.13.1\734d9a5ca877bbce0c595dbdc3165fe6a22b7a30\gdx-1.13.1.jar;C:\Users\Padidar\.gradle\caches\modules-2\files-2.1\org.slf4j\slf4j-simple\2.0.13\be11a3f05f7cf546524b07ad252719d840f4daed\slf4j-simple-2.0.13.jar;C:\Users\Padidar\.gradle\caches\modules-2\files-2.1\com.badlogicgames.gdx\gdx-platform\1.13.1\8493b7d917097a6d091db2554bf0056881f96738\gdx-platform-1.13.1-natives-desktop.jar;C:\Users\Padidar\.gradle\caches\modules-2\files-2.1\com.badlogicgames.gdx\gdx-jnigen-loader\2.5.2\f35e90affe07c46b4f5e5958a1a4c1820c4890e2\gdx-jnigen-loader-2.5.2.jar;C:\Users\Padidar\.gradle\caches\modules-2\files-2.1\org.slf4j\slf4j-api\2.0.13\80229737f704b121a318bba5d5deacbcf395bc77\slf4j-api-2.0.13.jar;C:\Users\Padidar\.gradle\caches\modules-2\files-2.1\org.lwjgl\lwjgl-glfw\3.3.3\efa1eb78c5ccd840e9f329717109b5e892d72f8e\lwjgl-glfw-3.3.3.jar;C:\Users\Padidar\.gradle\caches\modules-2\files-2.1\org.lwjgl\lwjgl-glfw\3.3.3\a03684c5e4b1b1dbbe0d29dbbdc27b985b6840f2\lwjgl-glfw-3.3.3-natives-linux.jar;C:\Users\Padidar\.gradle\caches\modules-2\files-2.1\org.lwjgl\lwjgl-glfw\3.3.3\d9af485c32545b37dd5359b163161d42d7534dcf\lwjgl-glfw-3.3.3-natives-linux-arm32.jar;C:\Users\Padidar\.gradle\caches\modules-2\files-2.1\org.lwjgl\lwjgl-glfw\3.3.3\492a0f11f85b85899a6568f07511160c1b87cd38\lwjgl-glfw-3.3.3-natives-linux-arm64.jar;C:\Users\Padidar\.gradle\caches\modules-2\files-2.1\org.lwjgl\lwjgl-glfw\3.3.3\a1bf400f6bc64e6195596cb1430dafda46090751\lwjgl-glfw-3.3.3-natives-macos.jar;C:\Users\Padidar\.gradle\caches\modules-2\files-2.1\org.lwjgl\lwjgl-glfw\3.3.3\ee8cc78d0a4a5b3b4600fade6d927c9fc320c858\lwjgl-glfw-3.3.3-natives-macos-arm64.jar;C:\Users\Padidar\.gradle\caches\modules-2\files-2.1\org.lwjgl\lwjgl-glfw\3.3.3\e449e28b4891fc423c54c85fbc5bb0b9efece67a\lwjgl-glfw-3.3.3-natives-windows.jar;C:\Users\Padidar\.gradle\caches\modules-2\files-2.1\org.lwjgl\lwjgl-glfw\3.3.3\32334f3fd5270a59bad9939a93115acb6de36dcf\lwjgl-glfw-3.3.3-natives-windows-x86.jar;C:\Users\Padidar\.gradle\caches\modules-2\files-2.1\org.lwjgl\lwjgl-jemalloc\3.3.3\b543467b7ff3c6920539a88ee602d34098628be5\lwjgl-jemalloc-3.3.3.jar;C:\Users\Padidar\.gradle\caches\modules-2\files-2.1\org.lwjgl\lwjgl-jemalloc\3.3.3\4f86728bf449b1dd61251c4e0ac01df1389cb51e\lwjgl-jemalloc-3.3.3-natives-linux.jar;C:\Users\Padidar\.gradle\caches\modules-2\files-2.1\org.lwjgl\lwjgl-jemalloc\3.3.3\109b6931880d02d4e65ced38928a16e41d19873e\lwjgl-jemalloc-3.3.3-natives-linux-arm32.jar;C:\Users\Padidar\.gradle\caches\modules-2\files-2.1\org.lwjgl\lwjgl-jemalloc\3.3.3\eff8b86798191192fe2cba2dc2776109f30c239d\lwjgl-jemalloc-3.3.3-natives-linux-arm64.jar;C:\Users\Padidar\.gradle\caches\modules-2\files-2.1\org.lwjgl\lwjgl-jemalloc\3.3.3\2906637657a57579847238c9c72d2c4bde7083f8\lwjgl-jemalloc-3.3.3-natives-macos.jar;C:\Users\Padidar\.gradle\caches\modules-2\files-2.1\org.lwjgl\lwjgl-jemalloc\3.3.3\e9412c3ff8cb3a3bad1d3f52909ad74d8a5bdad1\lwjgl-jemalloc-3.3.3-natives-macos-arm64.jar;C:\Users\Padidar\.gradle\caches\modules-2\files-2.1\org.lwjgl\lwjgl-jemalloc\3.3.3\426222fc027602a5f21b9c0fe79cde6a4c7a011f\lwjgl-jemalloc-3.3.3-natives-windows.jar;C:\Users\Padidar\.gradle\caches\modules-2\files-2.1\org.lwjgl\lwjgl-jemalloc\3.3.3\f6063b6e0f23be483c5c88d84ce51b39dc69126c\lwjgl-jemalloc-3.3.3-natives-windows-x86.jar;C:\Users\Padidar\.gradle\caches\modules-2\files-2.1\org.lwjgl\lwjgl-openal\3.3.3\daada81ceb5fc0c291fbfdd4433cb8d9423577f2\lwjgl-openal-3.3.3.jar;C:\Users\Padidar\.gradle\caches\modules-2\files-2.1\org.lwjgl\lwjgl-openal\3.3.3\3037360cc4595079bea240af250b6d1a527e0905\lwjgl-openal-3.3.3-natives-linux.jar;C:\Users\Padidar\.gradle\caches\modules-2\files-2.1\org.lwjgl\lwjgl-openal\3.3.3\e1702aa09d20359d6cf5cb2999fa7685a785eca7\lwjgl-openal-3.3.3-natives-linux-arm32.jar;C:\Users\Padidar\.gradle\caches\modules-2\files-2.1\org.lwjgl\lwjgl-openal\3.3.3\ad8f302118a65bb8d615f8a2a680db58fb8f835e\lwjgl-openal-3.3.3-natives-linux-arm64.jar;C:\Users\Padidar\.gradle\caches\modules-2\files-2.1\org.lwjgl\lwjgl-openal\3.3.3\8df8338bfa77f2ebabef4e58964bd04d24805cbf\lwjgl-openal-3.3.3-natives-macos.jar;C:\Users\Padidar\.gradle\caches\modules-2\files-2.1\org.lwjgl\lwjgl-openal\3.3.3\c78b078de2fb52f45aa55d04db889a560f3544f\lwjgl-openal-3.3.3-natives-macos-arm64.jar;C:\Users\Padidar\.gradle\caches\modules-2\files-2.1\org.lwjgl\lwjgl-openal\3.3.3\cf83862ae95d98496b26915024c7e666d8ab1c8f\lwjgl-openal-3.3.3-natives-windows.jar;C:\Users\Padidar\.gradle\caches\modules-2\files-2.1\org.lwjgl\lwjgl-openal\3.3.3\87b8d5050e3adb46bb58fe1cb2669a4a48fce10d\lwjgl-openal-3.3.3-natives-windows-x86.jar;C:\Users\Padidar\.gradle\caches\modules-2\files-2.1\org.lwjgl\lwjgl-opengl\3.3.3\2f6b0147078396a58979125a4c947664e98293a\lwjgl-opengl-3.3.3.jar;C:\Users\Padidar\.gradle\caches\modules-2\files-2.1\org.lwjgl\lwjgl-opengl\3.3.3\62c70a4b00ca5391882b0f4b787c1588d24f1c86\lwjgl-opengl-3.3.3-natives-linux.jar;C:\Users\Padidar\.gradle\caches\modules-2\files-2.1\org.lwjgl\lwjgl-opengl\3.3.3\dbba17fc5ac0985d14a57c11f9537617d67b9952\lwjgl-opengl-3.3.3-natives-linux-arm32.jar;C:\Users\Padidar\.gradle\caches\modules-2\files-2.1\org.lwjgl\lwjgl-opengl\3.3.3\2096f6b94b2d68745d858fbfe53aacf5f0c8074c\lwjgl-opengl-3.3.3-natives-linux-arm64.jar;C:\Users\Padidar\.gradle\caches\modules-2\files-2.1\org.lwjgl\lwjgl-opengl\3.3.3\1bd45997551ae8a28469f3a2b678f4b7289e12c0\lwjgl-opengl-3.3.3-natives-macos.jar;C:\Users\Padidar\.gradle\caches\modules-2\files-2.1\org.lwjgl\lwjgl-opengl\3.3.3\d213ddef27637b1af87961ffa94d6b27036becc8\lwjgl-opengl-3.3.3-natives-macos-arm64.jar;C:\Users\Padidar\.gradle\caches\modules-2\files-2.1\org.lwjgl\lwjgl-opengl\3.3.3\e6c1eec8be8a71951b830a4d69efc01c6531900c\lwjgl-opengl-3.3.3-natives-windows.jar;C:\Users\Padidar\.gradle\caches\modules-2\files-2.1\org.lwjgl\lwjgl-opengl\3.3.3\d32d833dcaa2f355a886eaf21f0408b5f03241d\lwjgl-opengl-3.3.3-natives-windows-x86.jar;C:\Users\Padidar\.gradle\caches\modules-2\files-2.1\org.lwjgl\lwjgl-stb\3.3.3\25dd6161988d7e65f71d5065c99902402ee32746\lwjgl-stb-3.3.3.jar;C:\Users\Padidar\.gradle\caches\modules-2\files-2.1\org.lwjgl\lwjgl-stb\3.3.3\fd1271ccd9d85eff2fa31f3fd543e02ccfaf5041\lwjgl-stb-3.3.3-natives-linux.jar;C:\Users\Padidar\.gradle\caches\modules-2\files-2.1\org.lwjgl\lwjgl-stb\3.3.3\1ae28ff044699ff29b0e980ffabd73fba8a664b3\lwjgl-stb-3.3.3-natives-linux-arm32.jar;C:\Users\Padidar\.gradle\caches\modules-2\files-2.1\org.lwjgl\lwjgl-stb\3.3.3\ddc177afc2be1ee8d93684b11363b80589a13fe1\lwjgl-stb-3.3.3-natives-linux-arm64.jar;C:\Users\Padidar\.gradle\caches\modules-2\files-2.1\org.lwjgl\lwjgl-stb\3.3.3\472792c98fb2c1557c060cb9da5fca6a9773621f\lwjgl-stb-3.3.3-natives-macos.jar;C:\Users\Padidar\.gradle\caches\modules-2\files-2.1\org.lwjgl\lwjgl-stb\3.3.3\51c6955571fbcdb7bb538c6aa589b953b584c6af\lwjgl-stb-3.3.3-natives-macos-arm64.jar;C:\Users\Padidar\.gradle\caches\modules-2\files-2.1\org.lwjgl\lwjgl-stb\3.3.3\1d9facdf6541de114b0f963be33505b7679c78cb\lwjgl-stb-3.3.3-natives-windows.jar;C:\Users\Padidar\.gradle\caches\modules-2\files-2.1\org.lwjgl\lwjgl-stb\3.3.3\b5c874687b9aac1a936501d4ed2c49567fd1b575\lwjgl-stb-3.3.3-natives-windows-x86.jar;C:\Users\Padidar\.gradle\caches\modules-2\files-2.1\org.lwjgl\lwjgl\3.3.3\29589b5f87ed335a6c7e7ee6a5775f81f97ecb84\lwjgl-3.3.3.jar;C:\Users\Padidar\.gradle\caches\modules-2\files-2.1\org.lwjgl\lwjgl\3.3.3\1713758e3660ba66e1e954396fd18126038b33c0\lwjgl-3.3.3-natives-linux.jar;C:\Users\Padidar\.gradle\caches\modules-2\files-2.1\org.lwjgl\lwjgl\3.3.3\2075c51a80f0ef0f22ba616ba54007ac2b0debd4\lwjgl-3.3.3-natives-linux-arm32.jar;C:\Users\Padidar\.gradle\caches\modules-2\files-2.1\org.lwjgl\lwjgl\3.3.3\f35d8b6ffe1ac1e3a5eb1d4e33de80f044ad5fd8\lwjgl-3.3.3-natives-linux-arm64.jar;C:\Users\Padidar\.gradle\caches\modules-2\files-2.1\org.lwjgl\lwjgl\3.3.3\33a6efa288390490ce6eb6c3df47ac21ecf648cf\lwjgl-3.3.3-natives-macos.jar;C:\Users\Padidar\.gradle\caches\modules-2\files-2.1\org.lwjgl\lwjgl\3.3.3\226246e75f6bd8d4e1895bdce8638ef87808d114\lwjgl-3.3.3-natives-macos-arm64.jar;C:\Users\Padidar\.gradle\caches\modules-2\files-2.1\org.lwjgl\lwjgl\3.3.3\a5ed18a2b82fc91b81f40d717cb1f64c9dcb0540\lwjgl-3.3.3-natives-windows.jar;C:\Users\Padidar\.gradle\caches\modules-2\files-2.1\org.lwjgl\lwjgl\3.3.3\9e670718e050aeaeea0c2d5b907cffb142f2e58f\lwjgl-3.3.3-natives-windows-x86.jar;C:\Users\Padidar\.gradle\caches\modules-2\files-2.1\com.badlogicgames.jlayer\jlayer\1.0.1-gdx\7cca83cec5c1b2f011362f4d85aabd71a73b049d\jlayer-1.0.1-gdx.jar;C:\Users\Padidar\.gradle\caches\modules-2\files-2.1\org.jcraft\jorbis\0.0.17\8872d22b293e8f5d7d56ff92be966e6dc28ebdc6\jorbis-0.0.17.jar;C:\Users\Padidar\.gradle\caches\modules-2\files-2.1\org.xerial\sqlite-jdbc\3.45.2.0\2ba1408717e5aaf85d59f65b313553fa8955fa37\sqlite-jdbc-3.45.2.0.jar
Launcher Type: SUN_STANDARD

[Global flags]
     intx CICompilerCount                          = 12                                        {product} {ergonomic}
     uint ConcGCThreads                            = 4                                         {product} {ergonomic}
     uint G1ConcRefinementThreads                  = 15                                        {product} {ergonomic}
   size_t G1HeapRegionSize                         = 2097152                                   {product} {ergonomic}
   size_t InitialHeapSize                          = 264241152                                 {product} {ergonomic}
   size_t MarkStackSize                            = 4194304                                   {product} {ergonomic}
   size_t MarkStackSizeMax                         = 536870912                                 {product} {ergonomic}
   size_t MaxHeapSize                              = 4196401152                                {product} {ergonomic}
   size_t MaxNewSize                               = 2516582400                                {product} {ergonomic}
   size_t MinHeapDeltaBytes                        = 2097152                                   {product} {ergonomic}
   size_t MinHeapSize                              = 8388608                                   {product} {ergonomic}
    uintx NonNMethodCodeHeapSize                   = 7602176                                {pd product} {ergonomic}
    uintx NonProfiledCodeHeapSize                  = 122093568                              {pd product} {ergonomic}
    uintx ProfiledCodeHeapSize                     = 121962496                              {pd product} {ergonomic}
    uintx ReservedCodeCacheSize                    = 251658240                              {pd product} {ergonomic}
     bool SegmentedCodeCache                       = true                                      {product} {ergonomic}
     bool ShowCodeDetailsInExceptionMessages       = true                                   {manageable} {command line}
   size_t SoftMaxHeapSize                          = 4196401152                             {manageable} {ergonomic}
     bool UseCompressedOops                        = true                           {product lp64_product} {ergonomic}
     bool UseG1GC                                  = true                                      {product} {ergonomic}
     bool UseLargePagesIndividualAllocation        = false                                  {pd product} {ergonomic}

Logging:
Log output configuration:
 #0: stdout all=warning uptime,level,tags foldmultilines=false
 #1: stderr all=off uptime,level,tags foldmultilines=false

Environment Variables:
PATH=C:\Program Files\Common Files\Oracle\Java\javapath;C:\Program Files (x86)\VMware\VMware Workstation\bin\;C:\WINDOWS\system32;C:\WINDOWS;C:\WINDOWS\System32\Wbem;C:\WINDOWS\System32\WindowsPowerShell\v1.0\;C:\WINDOWS\System32\OpenSSH\;C:\Program Files\dotnet\;C:\Program Files (x86)\NVIDIA Corporation\PhysX\Common;C:\Program Files\Cloudflare\Cloudflare WARP\;C:\Program Files\Git\cmd;C:\Program Files\NVIDIA Corporation\NVIDIA app\NvDLISR;C:\Program Files\WireSock VPN Client\bin\;e:\cursor\resources\app\bin;C:\Users\Padidar\AppData\Local\Programs\Python\Launcher\;C:\Users\Padidar\AppData\Local\Microsoft\WindowsApps;C:\Users\Padidar\.dotnet\tools;F:\texlive\2024\bin\windows;C:\Program Files\Java\jdk-23\bin;C:\Users\Padidar\AppData\Local\Programs\Microsoft VS Code\bin;E:\cursor\resources\app\bin
USERNAME=Padidar
LANG=en_US.UTF-8
OS=Windows_NT
PROCESSOR_IDENTIFIER=Intel64 Family 6 Model 183 Stepping 1, GenuineIntel
TMP=C:\Users\Padidar\AppData\Local\Temp
TEMP=C:\Users\Padidar\AppData\Local\Temp




Periodic native trim disabled

---------------  S Y S T E M  ---------------

OS:
 Windows 11 , 64 bit Build 26100 (10.0.26100.4768)
OS uptime: 1 days 0:04 hours
Hyper-V role detected

CPU: total 20 (initial active 20) (10 cores per cpu, 2 threads per core) family 6 model 183 stepping 1 microcode 0x12b, cx8, cmov, fxsr, ht, mmx, 3dnowpref, sse, sse2, sse3, ssse3, sse4.1, sse4.2, popcnt, lzcnt, tsc, tscinvbit, avx, avx2, aes, erms, clmul, bmi1, bmi2, adx, sha, fma, vzeroupper, clflush, clflushopt, clwb, hv, serialize, rdtscp, rdpid, fsrm, gfni, f16c, cet_ibt, cet_ss
Processor Information for the first 20 processors :
  Max Mhz: 2600, Current Mhz: 2600, Mhz Limit: 2600

Memory: 4k page, system-wide physical 16003M (752M free)
TotalPageFile size 40241M (AvailPageFile size 149M)
current process WorkingSet (physical memory assigned to process): 5824M, peak: 6147M
current process commit charge ("private bytes"): 14411M, peak: 14411M

vm_info: Java HotSpot(TM) 64-Bit Server VM (23.0.2+7-58) for windows-amd64 JRE (23.0.2+7-58), built on 2024-11-29T09:34:55Z with MS VC++ 17.6 (VS2022)

END.
